# JRE version: OpenJDK Runtime Environment (8.0_152-b02) (build 1.8.0_152-release-1024-b02)
# Java VM: OpenJDK 64-Bit Server VM (25.152-b02 mixed mode windows-amd64 compressed oops)
Heap:
 PSYoungGen      total 214528K, used 163636K [0x00000000e0000000, 0x00000000ef280000, 0x0000000100000000)
  eden space 184832K, 75% used [0x00000000e0000000,0x00000000e8917c20,0x00000000eb480000)
  from space 29696K, 78% used [0x00000000ed400000,0x00000000eeab5480,0x00000000ef100000)
  to   space 31744K, 0% used [0x00000000eb480000,0x00000000eb480000,0x00000000ed380000)
 ParOldGen       total 147968K, used 38065K [0x00000000a0000000, 0x00000000a9080000, 0x00000000e0000000)
  object space 147968K, 25% used [0x00000000a0000000,0x00000000a252c4e8,0x00000000a9080000)
 Metaspace       used 86265K, capacity 90864K, committed 91136K, reserved 1128448K
  class space    used 11277K, capacity 12232K, committed 12288K, reserved 1048576K
GC Heap History (10 events):
Event: 1434.809 GC heap before
{Heap before GC invocations=19 (full 3):
 PSYoungGen      total 123392K, used 115297K [0x00000000e0000000, 0x00000000eb200000, 0x0000000100000000)
  eden space 102400K, 100% used [0x00000000e0000000,0x00000000e6400000,0x00000000e6400000)
  from space 20992K, 61% used [0x00000000e6400000,0x00000000e7098698,0x00000000e7880000)
  to   space 20992K, 0% used [0x00000000e9d80000,0x00000000e9d80000,0x00000000eb200000)
 ParOldGen       total 147968K, used 34193K [0x00000000a0000000, 0x00000000a9080000, 0x00000000e0000000)
  object space 147968K, 23% used [0x00000000a0000000,0x00000000a21644f8,0x00000000a9080000)
 Metaspace       used 64550K, capacity 67092K, committed 67456K, reserved 1107968K
  class space    used 8593K, capacity 9222K, committed 9344K, reserved 1048576K
Event: 1434.850 GC heap after
Heap after GC invocations=19 (full 3):
 PSYoungGen      total 156160K, used 17806K [0x00000000e0000000, 0x00000000eb100000, 0x0000000100000000)
  eden space 136192K, 0% used [0x00000000e0000000,0x00000000e0000000,0x00000000e8500000)
  from space 19968K, 89% used [0x00000000e9d80000,0x00000000eaee3840,0x00000000eb100000)
  to   space 22528K, 0% used [0x00000000e8500000,0x00000000e8500000,0x00000000e9b00000)
 ParOldGen       total 147968K, used 34201K [0x00000000a0000000, 0x00000000a9080000, 0x00000000e0000000)
  object space 147968K, 23% used [0x00000000a0000000,0x00000000a21664f8,0x00000000a9080000)
 Metaspace       used 64550K, capacity 67092K, committed 67456K, reserved 1107968K
  class space    used 8593K, capacity 9222K, committed 9344K, reserved 1048576K
}
Event: 5599.806 GC heap before
{Heap before GC invocations=20 (full 3):
 PSYoungGen      total 156160K, used 153998K [0x00000000e0000000, 0x00000000eb100000, 0x0000000100000000)
  eden space 136192K, 100% used [0x00000000e0000000,0x00000000e8500000,0x00000000e8500000)
  from space 19968K, 89% used [0x00000000e9d80000,0x00000000eaee3840,0x00000000eb100000)
  to   space 22528K, 0% used [0x00000000e8500000,0x00000000e8500000,0x00000000e9b00000)
 ParOldGen       total 147968K, used 34201K [0x00000000a0000000, 0x00000000a9080000, 0x00000000e0000000)
  object space 147968K, 23% used [0x00000000a0000000,0x00000000a21664f8,0x00000000a9080000)
 Metaspace       used 68046K, capacity 70958K, committed 71168K, reserved 1110016K
  class space    used 9035K, capacity 9719K, committed 9728K, reserved 1048576K
Event: 5599.869 GC heap after
Heap after GC invocations=20 (full 3):
 PSYoungGen      total 158720K, used 19702K [0x00000000e0000000, 0x00000000ece80000, 0x0000000100000000)
  eden space 136192K, 0% used [0x00000000e0000000,0x00000000e0000000,0x00000000e8500000)
  from space 22528K, 87% used [0x00000000e8500000,0x00000000e983da20,0x00000000e9b00000)
  to   space 24576K, 0% used [0x00000000eb680000,0x00000000eb680000,0x00000000ece80000)
 ParOldGen       total 147968K, used 34209K [0x00000000a0000000, 0x00000000a9080000, 0x00000000e0000000)
  object space 147968K, 23% used [0x00000000a0000000,0x00000000a21684f8,0x00000000a9080000)
 Metaspace       used 68046K, capacity 70958K, committed 71168K, reserved 1110016K
  class space    used 9035K, capacity 9719K, committed 9728K, reserved 1048576K
}
Event: 5601.686 GC heap before
{Heap before GC invocations=21 (full 3):
 PSYoungGen      total 158720K, used 155894K [0x00000000e0000000, 0x00000000ece80000, 0x0000000100000000)
  eden space 136192K, 100% used [0x00000000e0000000,0x00000000e8500000,0x00000000e8500000)
  from space 22528K, 87% used [0x00000000e8500000,0x00000000e983da20,0x00000000e9b00000)
  to   space 24576K, 0% used [0x00000000eb680000,0x00000000eb680000,0x00000000ece80000)
 ParOldGen       total 147968K, used 34209K [0x00000000a0000000, 0x00000000a9080000, 0x00000000e0000000)
  object space 147968K, 23% used [0x00000000a0000000,0x00000000a21684f8,0x00000000a9080000)
 Metaspace       used 68070K, capacity 70958K, committed 71168K, reserved 1110016K
  class space    used 9035K, capacity 9719K, committed 9728K, reserved 1048576K
Event: 5601.718 GC heap after
Heap after GC invocations=21 (full 3):
 PSYoungGen      total 185856K, used 16117K [0x00000000e0000000, 0x00000000ece80000, 0x0000000100000000)
  eden space 161280K, 0% used [0x00000000e0000000,0x00000000e0000000,0x00000000e9d80000)
  from space 24576K, 65% used [0x00000000eb680000,0x00000000ec63d490,0x00000000ece80000)
  to   space 25088K, 0% used [0x00000000e9d80000,0x00000000e9d80000,0x00000000eb600000)
 ParOldGen       total 147968K, used 34217K [0x00000000a0000000, 0x00000000a9080000, 0x00000000e0000000)
  object space 147968K, 23% used [0x00000000a0000000,0x00000000a216a4f8,0x00000000a9080000)
 Metaspace       used 68070K, capacity 70958K, committed 71168K, reserved 1110016K
  class space    used 9035K, capacity 9719K, committed 9728K, reserved 1048576K
}
Event: 5608.267 GC heap before
{Heap before GC invocations=22 (full 3):
 PSYoungGen      total 185856K, used 177397K [0x00000000e0000000, 0x00000000ece80000, 0x0000000100000000)
  eden space 161280K, 100% used [0x00000000e0000000,0x00000000e9d80000,0x00000000e9d80000)
  from space 24576K, 65% used [0x00000000eb680000,0x00000000ec63d490,0x00000000ece80000)
  to   space 25088K, 0% used [0x00000000e9d80000,0x00000000e9d80000,0x00000000eb600000)
 ParOldGen       total 147968K, used 34217K [0x00000000a0000000, 0x00000000a9080000, 0x00000000e0000000)
  object space 147968K, 23% used [0x00000000a0000000,0x00000000a216a4f8,0x00000000a9080000)
 Metaspace       used 82612K, capacity 86618K, committed 86784K, reserved 1124352K
  class space    used 10915K, capacity 11773K, committed 11776K, reserved 1048576K
Event: 5608.306 GC heap after
Heap after GC invocations=22 (full 3):
 PSYoungGen      total 186368K, used 25071K [0x00000000e0000000, 0x00000000ef100000, 0x0000000100000000)
  eden space 161280K, 0% used [0x00000000e0000000,0x00000000e0000000,0x00000000e9d80000)
  from space 25088K, 99% used [0x00000000e9d80000,0x00000000eb5fbf10,0x00000000eb600000)
  to   space 29696K, 0% used [0x00000000ed400000,0x00000000ed400000,0x00000000ef100000)
 ParOldGen       total 147968K, used 38057K [0x00000000a0000000, 0x00000000a9080000, 0x00000000e0000000)
  object space 147968K, 25% used [0x00000000a0000000,0x00000000a252a4e8,0x00000000a9080000)
 Metaspace       used 82612K, capacity 86618K, committed 86784K, reserved 1124352K
  class space    used 10915K, capacity 11773K, committed 11776K, reserved 1048576K
}
Event: 5612.891 GC heap before
{Heap before GC invocations=23 (full 3):
 PSYoungGen      total 186368K, used 185500K [0x00000000e0000000, 0x00000000ef100000, 0x0000000100000000)
  eden space 161280K, 99% used [0x00000000e0000000,0x00000000e9cab3b0,0x00000000e9d80000)
  from space 25088K, 99% used [0x00000000e9d80000,0x00000000eb5fbf10,0x00000000eb600000)
  to   space 29696K, 0% used [0x00000000ed400000,0x00000000ed400000,0x00000000ef100000)
 ParOldGen       total 147968K, used 38057K [0x00000000a0000000, 0x00000000a9080000, 0x00000000e0000000)
  object space 147968K, 25% used [0x00000000a0000000,0x00000000a252a4e8,0x00000000a9080000)
 Metaspace       used 85072K, capacity 89414K, committed 89728K, reserved 1126400K
  class space    used 11185K, capacity 12101K, committed 12160K, reserved 1048576K
Event: 5612.930 GC heap after
Heap after GC invocations=23 (full 3):
 PSYoungGen      total 214528K, used 23253K [0x00000000e0000000, 0x00000000ef280000, 0x0000000100000000)
  eden space 184832K, 0% used [0x00000000e0000000,0x00000000e0000000,0x00000000eb480000)
  from space 29696K, 78% used [0x00000000ed400000,0x00000000eeab5480,0x00000000ef100000)
  to   space 31744K, 0% used [0x00000000eb480000,0x00000000eb480000,0x00000000ed380000)
 ParOldGen       total 147968K, used 38065K [0x00000000a0000000, 0x00000000a9080000, 0x00000000e0000000)
  object space 147968K, 25% used [0x00000000a0000000,0x00000000a252c4e8,0x00000000a9080000)
 Metaspace       used 85072K, capacity 89414K, committed 89728K, reserved 1126400K
  class space    used 11185K, capacity 12101K, committed 12160K, reserved 1048576K
}

